This file contains any messages produced by compilers while
running configure, to aid debugging if configure makes a mistake.

It was created by CosmoMad configure 1.1, which was
generated by GNU Autoconf 2.69.  Invocation command line was

  $ ./configure --prefix=/home/damonge/

## --------- ##
## Platform. ##
## --------- ##

hostname = Hobgoblin
uname -m = x86_64
uname -r = 3.13.0-83-generic
uname -s = Linux
uname -v = #127-Ubuntu SMP Fri Mar 11 00:25:37 UTC 2016

/usr/bin/uname -p = unknown
/bin/uname -X     = unknown

/bin/arch              = unknown
/usr/bin/arch -k       = unknown
/usr/convex/getsysinfo = unknown
/usr/bin/hostinfo      = unknown
/bin/machine           = unknown
/usr/bin/oslevel       = unknown
/bin/universe          = unknown

PATH: /opt/intel/bin
PATH: /home/damonge/bin
PATH: /home/damonge/Software/INSTALLED/Healpix_3.11/src/cxx/generic_gcc/bin
PATH: /home/damonge/Software/INSTALLED/Healpix_3.11/bin
PATH: /home/damonge/bin
PATH: /usr/local/sbin
PATH: /usr/local/bin
PATH: /usr/sbin
PATH: /usr/bin
PATH: /sbin
PATH: /bin
PATH: /usr/games
PATH: /usr/local/games
PATH: /home/damonge/Software/INSTALLED/flipper/flipper-0.1.5/bin
PATH: /home/damonge/Software/INSTALLED/flipper/flipperPol/bin


## ----------- ##
## Core tests. ##
## ----------- ##

configure:2428: checking for a BSD-compatible install
configure:2496: result: /usr/bin/install -c
configure:2507: checking whether build environment is sane
configure:2557: result: yes
configure:2698: checking for a thread-safe mkdir -p
configure:2737: result: /bin/mkdir -p
configure:2750: checking for gawk
configure:2766: found /usr/bin/gawk
configure:2777: result: gawk
configure:2788: checking whether make sets $(MAKE)
configure:2810: result: yes
configure:2921: checking build system type
configure:2935: result: x86_64-unknown-linux-gnu
configure:2955: checking host system type
configure:2968: result: x86_64-unknown-linux-gnu
configure:3000: checking for style of include used by make
configure:3028: result: GNU
configure:3098: checking for gcc
configure:3114: found /usr/bin/gcc
configure:3125: result: gcc
configure:3354: checking for C compiler version
configure:3363: gcc --version >&5
gcc (Ubuntu 4.8.4-2ubuntu1~14.04.1) 4.8.4
Copyright (C) 2013 Free Software Foundation, Inc.
This is free software; see the source for copying conditions.  There is NO
warranty; not even for MERCHANTABILITY or FITNESS FOR A PARTICULAR PURPOSE.

configure:3374: $? = 0
configure:3363: gcc -v >&5
Using built-in specs.
COLLECT_GCC=gcc
COLLECT_LTO_WRAPPER=/usr/lib/gcc/x86_64-linux-gnu/4.8/lto-wrapper
Target: x86_64-linux-gnu
Configured with: ../src/configure -v --with-pkgversion='Ubuntu 4.8.4-2ubuntu1~14.04.1' --with-bugurl=file:///usr/share/doc/gcc-4.8/README.Bugs --enable-languages=c,c++,java,go,d,fortran,objc,obj-c++ --prefix=/usr --program-suffix=-4.8 --enable-shared --enable-linker-build-id --libexecdir=/usr/lib --without-included-gettext --enable-threads=posix --with-gxx-include-dir=/usr/include/c++/4.8 --libdir=/usr/lib --enable-nls --with-sysroot=/ --enable-clocale=gnu --enable-libstdcxx-debug --enable-libstdcxx-time=yes --enable-gnu-unique-object --disable-libmudflap --enable-plugin --with-system-zlib --disable-browser-plugin --enable-java-awt=gtk --enable-gtk-cairo --with-java-home=/usr/lib/jvm/java-1.5.0-gcj-4.8-amd64/jre --enable-java-home --with-jvm-root-dir=/usr/lib/jvm/java-1.5.0-gcj-4.8-amd64 --with-jvm-jar-dir=/usr/lib/jvm-exports/java-1.5.0-gcj-4.8-amd64 --with-arch-directory=amd64 --with-ecj-jar=/usr/share/java/eclipse-ecj.jar --enable-objc-gc --enable-multiarch --disable-werror --with-arch-32=i686 --with-abi=m64 --with-multilib-list=m32,m64,mx32 --with-tune=generic --enable-checking=release --build=x86_64-linux-gnu --host=x86_64-linux-gnu --target=x86_64-linux-gnu
Thread model: posix
gcc version 4.8.4 (Ubuntu 4.8.4-2ubuntu1~14.04.1) 
configure:3374: $? = 0
configure:3363: gcc -V >&5
gcc: error: unrecognized command line option '-V'
gcc: fatal error: no input files
compilation terminated.
configure:3374: $? = 4
configure:3363: gcc -qversion >&5
gcc: error: unrecognized command line option '-qversion'
gcc: fatal error: no input files
compilation terminated.
configure:3374: $? = 4
configure:3394: checking whether the C compiler works
configure:3416: gcc  -I/home/damonge/include -L/home/damonge/lib conftest.c  >&5
configure:3420: $? = 0
configure:3468: result: yes
configure:3471: checking for C compiler default output file name
configure:3473: result: a.out
configure:3479: checking for suffix of executables
configure:3486: gcc -o conftest  -I/home/damonge/include -L/home/damonge/lib conftest.c  >&5
configure:3490: $? = 0
configure:3512: result: 
configure:3534: checking whether we are cross compiling
configure:3542: gcc -o conftest  -I/home/damonge/include -L/home/damonge/lib conftest.c  >&5
configure:3546: $? = 0
configure:3553: ./conftest
configure:3557: $? = 0
configure:3572: result: no
configure:3577: checking for suffix of object files
configure:3599: gcc -c  -I/home/damonge/include conftest.c >&5
configure:3603: $? = 0
configure:3624: result: o
configure:3628: checking whether we are using the GNU C compiler
configure:3647: gcc -c  -I/home/damonge/include conftest.c >&5
configure:3647: $? = 0
configure:3656: result: yes
configure:3665: checking whether gcc accepts -g
configure:3685: gcc -c -g -I/home/damonge/include conftest.c >&5
configure:3685: $? = 0
configure:3726: result: yes
configure:3743: checking for gcc option to accept ISO C89
configure:3806: gcc  -c -g -O2 -I/home/damonge/include conftest.c >&5
configure:3806: $? = 0
configure:3819: result: none needed
configure:3841: checking dependency style of gcc
configure:3951: result: gcc3
configure:3966: checking for a sed that does not truncate output
configure:4030: result: /bin/sed
configure:4048: checking for grep that handles long lines and -e
configure:4106: result: /bin/grep
configure:4111: checking for egrep
configure:4173: result: /bin/grep -E
configure:4178: checking for fgrep
configure:4240: result: /bin/grep -F
configure:4275: checking for ld used by gcc
configure:4342: result: /usr/bin/ld
configure:4349: checking if the linker (/usr/bin/ld) is GNU ld
configure:4364: result: yes
configure:4376: checking for BSD- or MS-compatible name lister (nm)
configure:4425: result: /usr/bin/nm -B
configure:4543: checking the name lister (/usr/bin/nm -B) interface
configure:4550: gcc -c -g -O2 -I/home/damonge/include conftest.c >&5
configure:4553: /usr/bin/nm -B "conftest.o"
configure:4556: output
0000000000000000 B some_variable
configure:4563: result: BSD nm
configure:4566: checking whether ln -s works
configure:4570: result: yes
configure:4578: checking the maximum length of command line arguments
configure:4698: result: 1572864
configure:4715: checking whether the shell understands some XSI constructs
configure:4725: result: yes
configure:4729: checking whether the shell understands "+="
configure:4735: result: yes
configure:4770: checking for /usr/bin/ld option to reload object files
configure:4777: result: -r
configure:4846: checking for objdump
configure:4862: found /usr/bin/objdump
configure:4873: result: objdump
configure:4905: checking how to recognize dependent libraries
configure:5101: result: pass_all
configure:5161: checking for ar
configure:5177: found /usr/bin/ar
configure:5188: result: ar
configure:5266: checking for strip
configure:5282: found /usr/bin/strip
configure:5293: result: strip
configure:5365: checking for ranlib
configure:5381: found /usr/bin/ranlib
configure:5392: result: ranlib
configure:5482: checking command to parse /usr/bin/nm -B output from gcc object
configure:5600: gcc -c -g -O2 -I/home/damonge/include conftest.c >&5
configure:5603: $? = 0
configure:5607: /usr/bin/nm -B conftest.o \| sed -n -e 's/^.*[	 ]\([ABCDGIRSTW][ABCDGIRSTW]*\)[	 ][	 ]*\([_A-Za-z][_A-Za-z0-9]*\)$/\1 \2 \2/p' \> conftest.nm
configure:5610: $? = 0
configure:5664: gcc -o conftest -g -O2 -I/home/damonge/include -L/home/damonge/lib conftest.c conftstm.o >&5
configure:5667: $? = 0
configure:5705: result: ok
configure:5801: gcc -c -g -O2 -I/home/damonge/include conftest.c >&5
configure:5804: $? = 0
configure:6514: checking how to run the C preprocessor
configure:6545: gcc -E -I/home/damonge/include conftest.c
configure:6545: $? = 0
configure:6559: gcc -E -I/home/damonge/include conftest.c
conftest.c:11:28: fatal error: ac_nonexistent.h: No such file or directory
 #include <ac_nonexistent.h>
                            ^
compilation terminated.
configure:6559: $? = 1
configure: failed program was:
| /* confdefs.h */
| #define PACKAGE_NAME "CosmoMad"
| #define PACKAGE_TARNAME "cosmomad"
| #define PACKAGE_VERSION "1.1"
| #define PACKAGE_STRING "CosmoMad 1.1"
| #define PACKAGE_BUGREPORT "david.alonso@astro.ox.ac.uk"
| #define PACKAGE_URL ""
| #define PACKAGE "cosmomad"
| #define VERSION "1.1"
| /* end confdefs.h.  */
| #include <ac_nonexistent.h>
configure:6584: result: gcc -E
configure:6604: gcc -E -I/home/damonge/include conftest.c
configure:6604: $? = 0
configure:6618: gcc -E -I/home/damonge/include conftest.c
conftest.c:11:28: fatal error: ac_nonexistent.h: No such file or directory
 #include <ac_nonexistent.h>
                            ^
compilation terminated.
configure:6618: $? = 1
configure: failed program was:
| /* confdefs.h */
| #define PACKAGE_NAME "CosmoMad"
| #define PACKAGE_TARNAME "cosmomad"
| #define PACKAGE_VERSION "1.1"
| #define PACKAGE_STRING "CosmoMad 1.1"
| #define PACKAGE_BUGREPORT "david.alonso@astro.ox.ac.uk"
| #define PACKAGE_URL ""
| #define PACKAGE "cosmomad"
| #define VERSION "1.1"
| /* end confdefs.h.  */
| #include <ac_nonexistent.h>
configure:6647: checking for ANSI C header files
configure:6667: gcc -c -g -O2 -I/home/damonge/include conftest.c >&5
configure:6667: $? = 0
configure:6740: gcc -o conftest -g -O2 -I/home/damonge/include -L/home/damonge/lib conftest.c  >&5
configure:6740: $? = 0
configure:6740: ./conftest
configure:6740: $? = 0
configure:6751: result: yes
configure:6764: checking for sys/types.h
configure:6764: gcc -c -g -O2 -I/home/damonge/include conftest.c >&5
configure:6764: $? = 0
configure:6764: result: yes
configure:6764: checking for sys/stat.h
configure:6764: gcc -c -g -O2 -I/home/damonge/include conftest.c >&5
configure:6764: $? = 0
configure:6764: result: yes
configure:6764: checking for stdlib.h
configure:6764: gcc -c -g -O2 -I/home/damonge/include conftest.c >&5
configure:6764: $? = 0
configure:6764: result: yes
configure:6764: checking for string.h
configure:6764: gcc -c -g -O2 -I/home/damonge/include conftest.c >&5
configure:6764: $? = 0
configure:6764: result: yes
configure:6764: checking for memory.h
configure:6764: gcc -c -g -O2 -I/home/damonge/include conftest.c >&5
configure:6764: $? = 0
configure:6764: result: yes
configure:6764: checking for strings.h
configure:6764: gcc -c -g -O2 -I/home/damonge/include conftest.c >&5
configure:6764: $? = 0
configure:6764: result: yes
configure:6764: checking for inttypes.h
configure:6764: gcc -c -g -O2 -I/home/damonge/include conftest.c >&5
configure:6764: $? = 0
configure:6764: result: yes
configure:6764: checking for stdint.h
configure:6764: gcc -c -g -O2 -I/home/damonge/include conftest.c >&5
configure:6764: $? = 0
configure:6764: result: yes
configure:6764: checking for unistd.h
configure:6764: gcc -c -g -O2 -I/home/damonge/include conftest.c >&5
configure:6764: $? = 0
configure:6764: result: yes
configure:6778: checking for dlfcn.h
configure:6778: gcc -c -g -O2 -I/home/damonge/include conftest.c >&5
configure:6778: $? = 0
configure:6778: result: yes
configure:6961: checking for objdir
configure:6976: result: .libs
configure:7268: checking if gcc supports -fno-rtti -fno-exceptions
configure:7286: gcc -c -g -O2 -I/home/damonge/include -fno-rtti -fno-exceptions conftest.c >&5
cc1: warning: command line option '-fno-rtti' is valid for C++/ObjC++ but not for C [enabled by default]
configure:7290: $? = 0
configure:7303: result: no
configure:7323: checking for gcc option to produce PIC
configure:7595: result: -fPIC -DPIC
configure:7607: checking if gcc PIC flag -fPIC -DPIC works
configure:7625: gcc -c -g -O2 -I/home/damonge/include -fPIC -DPIC -DPIC conftest.c >&5
configure:7629: $? = 0
configure:7642: result: yes
configure:7666: checking if gcc static flag -static works
configure:7694: result: yes
configure:7709: checking if gcc supports -c -o file.o
configure:7730: gcc -c -g -O2 -I/home/damonge/include -o out/conftest2.o conftest.c >&5
configure:7734: $? = 0
configure:7756: result: yes
configure:7764: checking if gcc supports -c -o file.o
configure:7811: result: yes
configure:7844: checking whether the gcc linker (/usr/bin/ld -m elf_x86_64) supports shared libraries
configure:8830: result: yes
configure:8867: checking whether -lc should be explicitly linked in
configure:8872: gcc -c -g -O2 -I/home/damonge/include conftest.c >&5
configure:8875: $? = 0
configure:8890: gcc -shared conftest.o  -v -Wl,-soname -Wl,conftest -o conftest 2\>\&1 \| /bin/grep  -lc  \>/dev/null 2\>\&1
configure:8893: $? = 0
configure:8905: result: no
configure:9069: checking dynamic linker characteristics
configure:9502: gcc -o conftest -g -O2 -I/home/damonge/include -L/home/damonge/lib -Wl,-rpath -Wl,/foo conftest.c  >&5
configure:9502: $? = 0
configure:9723: result: GNU/Linux ld.so
configure:9825: checking how to hardcode library paths into programs
configure:9850: result: immediate
configure:9944: checking for shl_load
configure:9944: gcc -o conftest -g -O2 -I/home/damonge/include -L/home/damonge/lib conftest.c  >&5
/tmp/cchWL9ao.o: In function `main':
/home/damonge/Science/Codes/ReformCodes/CosmoMAD/conftest.c:57: undefined reference to `shl_load'
collect2: error: ld returned 1 exit status
configure:9944: $? = 1
configure: failed program was:
| /* confdefs.h */
| #define PACKAGE_NAME "CosmoMad"
| #define PACKAGE_TARNAME "cosmomad"
| #define PACKAGE_VERSION "1.1"
| #define PACKAGE_STRING "CosmoMad 1.1"
| #define PACKAGE_BUGREPORT "david.alonso@astro.ox.ac.uk"
| #define PACKAGE_URL ""
| #define PACKAGE "cosmomad"
| #define VERSION "1.1"
| #define STDC_HEADERS 1
| #define HAVE_SYS_TYPES_H 1
| #define HAVE_SYS_STAT_H 1
| #define HAVE_STDLIB_H 1
| #define HAVE_STRING_H 1
| #define HAVE_MEMORY_H 1
| #define HAVE_STRINGS_H 1
| #define HAVE_INTTYPES_H 1
| #define HAVE_STDINT_H 1
| #define HAVE_UNISTD_H 1
| #define HAVE_DLFCN_H 1
| #define LT_OBJDIR ".libs/"
| /* end confdefs.h.  */
| /* Define shl_load to an innocuous variant, in case <limits.h> declares shl_load.
|    For example, HP-UX 11i <limits.h> declares gettimeofday.  */
| #define shl_load innocuous_shl_load
| 
| /* System header to define __stub macros and hopefully few prototypes,
|     which can conflict with char shl_load (); below.
|     Prefer <limits.h> to <assert.h> if __STDC__ is defined, since
|     <limits.h> exists even on freestanding compilers.  */
| 
| #ifdef __STDC__
| # include <limits.h>
| #else
| # include <assert.h>
| #endif
| 
| #undef shl_load
| 
| /* Override any GCC internal prototype to avoid an error.
|    Use char because int might match the return type of a GCC
|    builtin and then its argument prototype would still apply.  */
| #ifdef __cplusplus
| extern "C"
| #endif
| char shl_load ();
| /* The GNU C library defines this for functions which it implements
|     to always fail with ENOSYS.  Some functions are actually named
|     something starting with __ and the normal name is an alias.  */
| #if defined __stub_shl_load || defined __stub___shl_load
| choke me
| #endif
| 
| int
| main ()
| {
| return shl_load ();
|   ;
|   return 0;
| }
configure:9944: result: no
configure:9948: checking for shl_load in -ldld
configure:9973: gcc -o conftest -g -O2 -I/home/damonge/include -L/home/damonge/lib conftest.c -ldld   >&5
/usr/bin/ld: cannot find -ldld
collect2: error: ld returned 1 exit status
configure:9973: $? = 1
configure: failed program was:
| /* confdefs.h */
| #define PACKAGE_NAME "CosmoMad"
| #define PACKAGE_TARNAME "cosmomad"
| #define PACKAGE_VERSION "1.1"
| #define PACKAGE_STRING "CosmoMad 1.1"
| #define PACKAGE_BUGREPORT "david.alonso@astro.ox.ac.uk"
| #define PACKAGE_URL ""
| #define PACKAGE "cosmomad"
| #define VERSION "1.1"
| #define STDC_HEADERS 1
| #define HAVE_SYS_TYPES_H 1
| #define HAVE_SYS_STAT_H 1
| #define HAVE_STDLIB_H 1
| #define HAVE_STRING_H 1
| #define HAVE_MEMORY_H 1
| #define HAVE_STRINGS_H 1
| #define HAVE_INTTYPES_H 1
| #define HAVE_STDINT_H 1
| #define HAVE_UNISTD_H 1
| #define HAVE_DLFCN_H 1
| #define LT_OBJDIR ".libs/"
| /* end confdefs.h.  */
| 
| /* Override any GCC internal prototype to avoid an error.
|    Use char because int might match the return type of a GCC
|    builtin and then its argument prototype would still apply.  */
| #ifdef __cplusplus
| extern "C"
| #endif
| char shl_load ();
| int
| main ()
| {
| return shl_load ();
|   ;
|   return 0;
| }
configure:9982: result: no
configure:9987: checking for dlopen
configure:9987: gcc -o conftest -g -O2 -I/home/damonge/include -L/home/damonge/lib conftest.c  >&5
/tmp/ccZExbDw.o: In function `main':
/home/damonge/Science/Codes/ReformCodes/CosmoMAD/conftest.c:57: undefined reference to `dlopen'
collect2: error: ld returned 1 exit status
configure:9987: $? = 1
configure: failed program was:
| /* confdefs.h */
| #define PACKAGE_NAME "CosmoMad"
| #define PACKAGE_TARNAME "cosmomad"
| #define PACKAGE_VERSION "1.1"
| #define PACKAGE_STRING "CosmoMad 1.1"
| #define PACKAGE_BUGREPORT "david.alonso@astro.ox.ac.uk"
| #define PACKAGE_URL ""
| #define PACKAGE "cosmomad"
| #define VERSION "1.1"
| #define STDC_HEADERS 1
| #define HAVE_SYS_TYPES_H 1
| #define HAVE_SYS_STAT_H 1
| #define HAVE_STDLIB_H 1
| #define HAVE_STRING_H 1
| #define HAVE_MEMORY_H 1
| #define HAVE_STRINGS_H 1
| #define HAVE_INTTYPES_H 1
| #define HAVE_STDINT_H 1
| #define HAVE_UNISTD_H 1
| #define HAVE_DLFCN_H 1
| #define LT_OBJDIR ".libs/"
| /* end confdefs.h.  */
| /* Define dlopen to an innocuous variant, in case <limits.h> declares dlopen.
|    For example, HP-UX 11i <limits.h> declares gettimeofday.  */
| #define dlopen innocuous_dlopen
| 
| /* System header to define __stub macros and hopefully few prototypes,
|     which can conflict with char dlopen (); below.
|     Prefer <limits.h> to <assert.h> if __STDC__ is defined, since
|     <limits.h> exists even on freestanding compilers.  */
| 
| #ifdef __STDC__
| # include <limits.h>
| #else
| # include <assert.h>
| #endif
| 
| #undef dlopen
| 
| /* Override any GCC internal prototype to avoid an error.
|    Use char because int might match the return type of a GCC
|    builtin and then its argument prototype would still apply.  */
| #ifdef __cplusplus
| extern "C"
| #endif
| char dlopen ();
| /* The GNU C library defines this for functions which it implements
|     to always fail with ENOSYS.  Some functions are actually named
|     something starting with __ and the normal name is an alias.  */
| #if defined __stub_dlopen || defined __stub___dlopen
| choke me
| #endif
| 
| int
| main ()
| {
| return dlopen ();
|   ;
|   return 0;
| }
configure:9987: result: no
configure:9991: checking for dlopen in -ldl
configure:10016: gcc -o conftest -g -O2 -I/home/damonge/include -L/home/damonge/lib conftest.c -ldl   >&5
configure:10016: $? = 0
configure:10025: result: yes
configure:10144: checking whether a program can dlopen itself
configure:10214: gcc -o conftest -g -O2 -I/home/damonge/include -DHAVE_DLFCN_H -L/home/damonge/lib -Wl,--export-dynamic conftest.c -ldl  >&5
configure:10217: $? = 0
configure:10235: result: yes
configure:10240: checking whether a statically linked program can dlopen itself
configure:10310: gcc -o conftest -g -O2 -I/home/damonge/include -DHAVE_DLFCN_H -L/home/damonge/lib -Wl,--export-dynamic -static conftest.c -ldl  >&5
/tmp/cchcr2bF.o: In function `main':
/home/damonge/Science/Codes/ReformCodes/CosmoMAD/configure:10294: warning: Using 'dlopen' in statically linked applications requires at runtime the shared libraries from the glibc version used for linking
/usr/bin/ld: dynamic STT_GNU_IFUNC symbol `strcmp' with pointer equality in `/usr/lib/gcc/x86_64-linux-gnu/4.8/../../../x86_64-linux-gnu/libc.a(strcmp.o)' can not be used when making an executable; recompile with -fPIE and relink with -pie
collect2: error: ld returned 1 exit status
configure:10313: $? = 1
configure:10331: result: no
configure:10370: checking whether stripping libraries is possible
configure:10375: result: yes
configure:10410: checking if libtool supports shared libraries
configure:10412: result: yes
configure:10415: checking whether to build shared libraries
configure:10436: result: yes
configure:10439: checking whether to build static libraries
configure:10443: result: yes
configure:10532: checking for gcc
configure:10559: result: gcc
configure:10788: checking for C compiler version
configure:10797: gcc --version >&5
gcc (Ubuntu 4.8.4-2ubuntu1~14.04.1) 4.8.4
Copyright (C) 2013 Free Software Foundation, Inc.
This is free software; see the source for copying conditions.  There is NO
warranty; not even for MERCHANTABILITY or FITNESS FOR A PARTICULAR PURPOSE.

configure:10808: $? = 0
configure:10797: gcc -v >&5
Using built-in specs.
COLLECT_GCC=gcc
COLLECT_LTO_WRAPPER=/usr/lib/gcc/x86_64-linux-gnu/4.8/lto-wrapper
Target: x86_64-linux-gnu
Configured with: ../src/configure -v --with-pkgversion='Ubuntu 4.8.4-2ubuntu1~14.04.1' --with-bugurl=file:///usr/share/doc/gcc-4.8/README.Bugs --enable-languages=c,c++,java,go,d,fortran,objc,obj-c++ --prefix=/usr --program-suffix=-4.8 --enable-shared --enable-linker-build-id --libexecdir=/usr/lib --without-included-gettext --enable-threads=posix --with-gxx-include-dir=/usr/include/c++/4.8 --libdir=/usr/lib --enable-nls --with-sysroot=/ --enable-clocale=gnu --enable-libstdcxx-debug --enable-libstdcxx-time=yes --enable-gnu-unique-object --disable-libmudflap --enable-plugin --with-system-zlib --disable-browser-plugin --enable-java-awt=gtk --enable-gtk-cairo --with-java-home=/usr/lib/jvm/java-1.5.0-gcj-4.8-amd64/jre --enable-java-home --with-jvm-root-dir=/usr/lib/jvm/java-1.5.0-gcj-4.8-amd64 --with-jvm-jar-dir=/usr/lib/jvm-exports/java-1.5.0-gcj-4.8-amd64 --with-arch-directory=amd64 --with-ecj-jar=/usr/share/java/eclipse-ecj.jar --enable-objc-gc --enable-multiarch --disable-werror --with-arch-32=i686 --with-abi=m64 --with-multilib-list=m32,m64,mx32 --with-tune=generic --enable-checking=release --build=x86_64-linux-gnu --host=x86_64-linux-gnu --target=x86_64-linux-gnu
Thread model: posix
gcc version 4.8.4 (Ubuntu 4.8.4-2ubuntu1~14.04.1) 
configure:10808: $? = 0
configure:10797: gcc -V >&5
gcc: error: unrecognized command line option '-V'
gcc: fatal error: no input files
compilation terminated.
configure:10808: $? = 4
configure:10797: gcc -qversion >&5
gcc: error: unrecognized command line option '-qversion'
gcc: fatal error: no input files
compilation terminated.
configure:10808: $? = 4
configure:10812: checking whether we are using the GNU C compiler
configure:10840: result: yes
configure:10849: checking whether gcc accepts -g
configure:10910: result: yes
configure:10927: checking for gcc option to accept ISO C89
configure:11003: result: none needed
configure:11025: checking dependency style of gcc
configure:11135: result: gcc3
configure:11152: checking whether gcc and cc understand -c and -o together
configure:11183: gcc -c conftest.c -o conftest2.o >&5
configure:11187: $? = 0
configure:11193: gcc -c conftest.c -o conftest2.o >&5
configure:11197: $? = 0
configure:11208: cc -c conftest.c >&5
configure:11212: $? = 0
configure:11220: cc -c conftest.c -o conftest2.o >&5
configure:11224: $? = 0
configure:11230: cc -c conftest.c -o conftest2.o >&5
configure:11234: $? = 0
configure:11252: result: yes
configure:11279: checking for library containing pow
configure:11310: gcc -o conftest -g -O2 -I/home/damonge/include -L/home/damonge/lib conftest.c  >&5
conftest.c:30:6: warning: conflicting types for built-in function 'pow' [enabled by default]
 char pow ();
      ^
/tmp/ccXjlSXY.o: In function `main':
/home/damonge/Science/Codes/ReformCodes/CosmoMAD/conftest.c:34: undefined reference to `pow'
collect2: error: ld returned 1 exit status
configure:11310: $? = 1
configure: failed program was:
| /* confdefs.h */
| #define PACKAGE_NAME "CosmoMad"
| #define PACKAGE_TARNAME "cosmomad"
| #define PACKAGE_VERSION "1.1"
| #define PACKAGE_STRING "CosmoMad 1.1"
| #define PACKAGE_BUGREPORT "david.alonso@astro.ox.ac.uk"
| #define PACKAGE_URL ""
| #define PACKAGE "cosmomad"
| #define VERSION "1.1"
| #define STDC_HEADERS 1
| #define HAVE_SYS_TYPES_H 1
| #define HAVE_SYS_STAT_H 1
| #define HAVE_STDLIB_H 1
| #define HAVE_STRING_H 1
| #define HAVE_MEMORY_H 1
| #define HAVE_STRINGS_H 1
| #define HAVE_INTTYPES_H 1
| #define HAVE_STDINT_H 1
| #define HAVE_UNISTD_H 1
| #define HAVE_DLFCN_H 1
| #define LT_OBJDIR ".libs/"
| /* end confdefs.h.  */
| 
| /* Override any GCC internal prototype to avoid an error.
|    Use char because int might match the return type of a GCC
|    builtin and then its argument prototype would still apply.  */
| #ifdef __cplusplus
| extern "C"
| #endif
| char pow ();
| int
| main ()
| {
| return pow ();
|   ;
|   return 0;
| }
configure:11310: gcc -o conftest -g -O2 -I/home/damonge/include -L/home/damonge/lib conftest.c -lm   >&5
conftest.c:30:6: warning: conflicting types for built-in function 'pow' [enabled by default]
 char pow ();
      ^
configure:11310: $? = 0
configure:11327: result: -lm
configure:11337: checking for library containing cblas_dgemm
configure:11368: gcc -o conftest -g -O2 -I/home/damonge/include -L/home/damonge/lib conftest.c -lm  >&5
/tmp/cc7nb2XT.o: In function `main':
/home/damonge/Science/Codes/ReformCodes/CosmoMAD/conftest.c:34: undefined reference to `cblas_dgemm'
collect2: error: ld returned 1 exit status
configure:11368: $? = 1
configure: failed program was:
| /* confdefs.h */
| #define PACKAGE_NAME "CosmoMad"
| #define PACKAGE_TARNAME "cosmomad"
| #define PACKAGE_VERSION "1.1"
| #define PACKAGE_STRING "CosmoMad 1.1"
| #define PACKAGE_BUGREPORT "david.alonso@astro.ox.ac.uk"
| #define PACKAGE_URL ""
| #define PACKAGE "cosmomad"
| #define VERSION "1.1"
| #define STDC_HEADERS 1
| #define HAVE_SYS_TYPES_H 1
| #define HAVE_SYS_STAT_H 1
| #define HAVE_STDLIB_H 1
| #define HAVE_STRING_H 1
| #define HAVE_MEMORY_H 1
| #define HAVE_STRINGS_H 1
| #define HAVE_INTTYPES_H 1
| #define HAVE_STDINT_H 1
| #define HAVE_UNISTD_H 1
| #define HAVE_DLFCN_H 1
| #define LT_OBJDIR ".libs/"
| /* end confdefs.h.  */
| 
| /* Override any GCC internal prototype to avoid an error.
|    Use char because int might match the return type of a GCC
|    builtin and then its argument prototype would still apply.  */
| #ifdef __cplusplus
| extern "C"
| #endif
| char cblas_dgemm ();
| int
| main ()
| {
| return cblas_dgemm ();
|   ;
|   return 0;
| }
configure:11368: gcc -o conftest -g -O2 -I/home/damonge/include -L/home/damonge/lib conftest.c -lgslcblas  -lm  >&5
configure:11368: $? = 0
configure:11385: result: -lgslcblas
configure:11395: checking for library containing gsl_blas_dgemm
configure:11426: gcc -o conftest -g -O2 -I/home/damonge/include -L/home/damonge/lib conftest.c -lgslcblas -lm  >&5
/tmp/cczzf1Y4.o: In function `main':
/home/damonge/Science/Codes/ReformCodes/CosmoMAD/conftest.c:34: undefined reference to `gsl_blas_dgemm'
collect2: error: ld returned 1 exit status
configure:11426: $? = 1
configure: failed program was:
| /* confdefs.h */
| #define PACKAGE_NAME "CosmoMad"
| #define PACKAGE_TARNAME "cosmomad"
| #define PACKAGE_VERSION "1.1"
| #define PACKAGE_STRING "CosmoMad 1.1"
| #define PACKAGE_BUGREPORT "david.alonso@astro.ox.ac.uk"
| #define PACKAGE_URL ""
| #define PACKAGE "cosmomad"
| #define VERSION "1.1"
| #define STDC_HEADERS 1
| #define HAVE_SYS_TYPES_H 1
| #define HAVE_SYS_STAT_H 1
| #define HAVE_STDLIB_H 1
| #define HAVE_STRING_H 1
| #define HAVE_MEMORY_H 1
| #define HAVE_STRINGS_H 1
| #define HAVE_INTTYPES_H 1
| #define HAVE_STDINT_H 1
| #define HAVE_UNISTD_H 1
| #define HAVE_DLFCN_H 1
| #define LT_OBJDIR ".libs/"
| /* end confdefs.h.  */
| 
| /* Override any GCC internal prototype to avoid an error.
|    Use char because int might match the return type of a GCC
|    builtin and then its argument prototype would still apply.  */
| #ifdef __cplusplus
| extern "C"
| #endif
| char gsl_blas_dgemm ();
| int
| main ()
| {
| return gsl_blas_dgemm ();
|   ;
|   return 0;
| }
configure:11426: gcc -o conftest -g -O2 -I/home/damonge/include -L/home/damonge/lib conftest.c -lgsl  -lgslcblas -lm  >&5
configure:11426: $? = 0
configure:11443: result: -lgsl
configure:11458: checking for stdlib.h
configure:11458: result: yes
configure:11458: checking for string.h
configure:11458: result: yes
configure:11458: checking math.h usability
configure:11458: gcc -c -g -O2 -I/home/damonge/include conftest.c >&5
configure:11458: $? = 0
configure:11458: result: yes
configure:11458: checking math.h presence
configure:11458: gcc -E -I/home/damonge/include conftest.c
configure:11458: $? = 0
configure:11458: result: yes
configure:11458: checking for math.h
configure:11458: result: yes
configure:11470: checking for size_t
configure:11470: gcc -c -g -O2 -I/home/damonge/include conftest.c >&5
configure:11470: $? = 0
configure:11470: gcc -c -g -O2 -I/home/damonge/include conftest.c >&5
conftest.c: In function 'main':
conftest.c:62:21: error: expected expression before ')' token
 if (sizeof ((size_t)))
                     ^
configure:11470: $? = 1
configure: failed program was:
| /* confdefs.h */
| #define PACKAGE_NAME "CosmoMad"
| #define PACKAGE_TARNAME "cosmomad"
| #define PACKAGE_VERSION "1.1"
| #define PACKAGE_STRING "CosmoMad 1.1"
| #define PACKAGE_BUGREPORT "david.alonso@astro.ox.ac.uk"
| #define PACKAGE_URL ""
| #define PACKAGE "cosmomad"
| #define VERSION "1.1"
| #define STDC_HEADERS 1
| #define HAVE_SYS_TYPES_H 1
| #define HAVE_SYS_STAT_H 1
| #define HAVE_STDLIB_H 1
| #define HAVE_STRING_H 1
| #define HAVE_MEMORY_H 1
| #define HAVE_STRINGS_H 1
| #define HAVE_INTTYPES_H 1
| #define HAVE_STDINT_H 1
| #define HAVE_UNISTD_H 1
| #define HAVE_DLFCN_H 1
| #define LT_OBJDIR ".libs/"
| #define HAVE_STDLIB_H 1
| #define HAVE_STRING_H 1
| #define HAVE_MATH_H 1
| /* end confdefs.h.  */
| #include <stdio.h>
| #ifdef HAVE_SYS_TYPES_H
| # include <sys/types.h>
| #endif
| #ifdef HAVE_SYS_STAT_H
| # include <sys/stat.h>
| #endif
| #ifdef STDC_HEADERS
| # include <stdlib.h>
| # include <stddef.h>
| #else
| # ifdef HAVE_STDLIB_H
| #  include <stdlib.h>
| # endif
| #endif
| #ifdef HAVE_STRING_H
| # if !defined STDC_HEADERS && defined HAVE_MEMORY_H
| #  include <memory.h>
| # endif
| # include <string.h>
| #endif
| #ifdef HAVE_STRINGS_H
| # include <strings.h>
| #endif
| #ifdef HAVE_INTTYPES_H
| # include <inttypes.h>
| #endif
| #ifdef HAVE_STDINT_H
| # include <stdint.h>
| #endif
| #ifdef HAVE_UNISTD_H
| # include <unistd.h>
| #endif
| int
| main ()
| {
| if (sizeof ((size_t)))
| 	    return 0;
|   ;
|   return 0;
| }
configure:11470: result: yes
configure:11483: checking for stdlib.h
configure:11483: result: yes
configure:11493: checking for GNU libc compatible malloc
configure:11517: gcc -o conftest -g -O2 -I/home/damonge/include -L/home/damonge/lib conftest.c -lgsl -lgslcblas -lm  >&5
configure:11517: $? = 0
configure:11517: ./conftest
configure:11517: $? = 0
configure:11527: result: yes
configure:11553: checking for pow
configure:11553: gcc -o conftest -g -O2 -I/home/damonge/include -L/home/damonge/lib conftest.c -lgsl -lgslcblas -lm  >&5
conftest.c:51:6: warning: conflicting types for built-in function 'pow' [enabled by default]
 char pow ();
      ^
configure:11553: $? = 0
configure:11553: result: yes
configure:11553: checking for sqrt
configure:11553: gcc -o conftest -g -O2 -I/home/damonge/include -L/home/damonge/lib conftest.c -lgsl -lgslcblas -lm  >&5
conftest.c:52:6: warning: conflicting types for built-in function 'sqrt' [enabled by default]
 char sqrt ();
      ^
configure:11553: $? = 0
configure:11553: result: yes
configure:11700: creating ./config.status

## ---------------------- ##
## Running config.status. ##
## ---------------------- ##

This file was extended by CosmoMad config.status 1.1, which was
generated by GNU Autoconf 2.69.  Invocation command line was

  CONFIG_FILES    = 
  CONFIG_HEADERS  = 
  CONFIG_LINKS    = 
  CONFIG_COMMANDS = 
  $ ./config.status 

on Hobgoblin

config.status:1070: creating Makefile
config.status:1070: creating include/Makefile
config.status:1070: creating libshr/Makefile
config.status:1070: creating libstat/Makefile
config.status:1070: creating src/Makefile
config.status:1070: creating config.h
config.status:1251: config.h is unchanged
config.status:1299: executing depfiles commands
config.status:1299: executing libtool commands

## ---------------- ##
## Cache variables. ##
## ---------------- ##

ac_cv_build=x86_64-unknown-linux-gnu
ac_cv_c_compiler_gnu=yes
ac_cv_env_CC_set=
ac_cv_env_CC_value=
ac_cv_env_CFLAGS_set=
ac_cv_env_CFLAGS_value=
ac_cv_env_CPPFLAGS_set=set
ac_cv_env_CPPFLAGS_value=-I/home/damonge/include
ac_cv_env_CPP_set=
ac_cv_env_CPP_value=
ac_cv_env_LDFLAGS_set=set
ac_cv_env_LDFLAGS_value=-L/home/damonge/lib
ac_cv_env_LIBS_set=
ac_cv_env_LIBS_value=
ac_cv_env_build_alias_set=
ac_cv_env_build_alias_value=
ac_cv_env_host_alias_set=
ac_cv_env_host_alias_value=
ac_cv_env_target_alias_set=
ac_cv_env_target_alias_value=
ac_cv_func_dlopen=no
ac_cv_func_malloc_0_nonnull=yes
ac_cv_func_pow=yes
ac_cv_func_shl_load=no
ac_cv_func_sqrt=yes
ac_cv_header_dlfcn_h=yes
ac_cv_header_inttypes_h=yes
ac_cv_header_math_h=yes
ac_cv_header_memory_h=yes
ac_cv_header_stdc=yes
ac_cv_header_stdint_h=yes
ac_cv_header_stdlib_h=yes
ac_cv_header_string_h=yes
ac_cv_header_strings_h=yes
ac_cv_header_sys_stat_h=yes
ac_cv_header_sys_types_h=yes
ac_cv_header_unistd_h=yes
ac_cv_host=x86_64-unknown-linux-gnu
ac_cv_lib_dl_dlopen=yes
ac_cv_lib_dld_shl_load=no
ac_cv_objext=o
ac_cv_path_EGREP='/bin/grep -E'
ac_cv_path_FGREP='/bin/grep -F'
ac_cv_path_GREP=/bin/grep
ac_cv_path_SED=/bin/sed
ac_cv_path_install='/usr/bin/install -c'
ac_cv_path_mkdir=/bin/mkdir
ac_cv_prog_AWK=gawk
ac_cv_prog_CPP='gcc -E'
ac_cv_prog_ac_ct_AR=ar
ac_cv_prog_ac_ct_CC=gcc
ac_cv_prog_ac_ct_OBJDUMP=objdump
ac_cv_prog_ac_ct_RANLIB=ranlib
ac_cv_prog_ac_ct_STRIP=strip
ac_cv_prog_cc_c89=
ac_cv_prog_cc_g=yes
ac_cv_prog_cc_gcc_c_o=yes
ac_cv_prog_make_make_set=yes
ac_cv_search_cblas_dgemm=-lgslcblas
ac_cv_search_gsl_blas_dgemm=-lgsl
ac_cv_search_pow=-lm
ac_cv_type_size_t=yes
am_cv_CC_dependencies_compiler_type=gcc3
lt_cv_deplibs_check_method=pass_all
lt_cv_dlopen=dlopen
lt_cv_dlopen_libs=-ldl
lt_cv_dlopen_self=yes
lt_cv_dlopen_self_static=no
lt_cv_file_magic_cmd='$MAGIC_CMD'
lt_cv_file_magic_test_file=
lt_cv_ld_reload_flag=-r
lt_cv_nm_interface='BSD nm'
lt_cv_objdir=.libs
lt_cv_path_LD=/usr/bin/ld
lt_cv_path_NM='/usr/bin/nm -B'
lt_cv_prog_compiler_c_o=yes
lt_cv_prog_compiler_pic_works=yes
lt_cv_prog_compiler_rtti_exceptions=no
lt_cv_prog_compiler_static_works=yes
lt_cv_prog_gnu_ld=yes
lt_cv_sys_global_symbol_pipe='sed -n -e '\''s/^.*[	 ]\([ABCDGIRSTW][ABCDGIRSTW]*\)[	 ][	 ]*\([_A-Za-z][_A-Za-z0-9]*\)$/\1 \2 \2/p'\'''
lt_cv_sys_global_symbol_to_c_name_address='sed -n -e '\''s/^: \([^ ]*\) $/  {\"\1\", (void *) 0},/p'\'' -e '\''s/^[ABCDGIRSTW]* \([^ ]*\) \([^ ]*\)$/  {"\2", (void *) \&\2},/p'\'''
lt_cv_sys_global_symbol_to_c_name_address_lib_prefix='sed -n -e '\''s/^: \([^ ]*\) $/  {\"\1\", (void *) 0},/p'\'' -e '\''s/^[ABCDGIRSTW]* \([^ ]*\) \(lib[^ ]*\)$/  {"\2", (void *) \&\2},/p'\'' -e '\''s/^[ABCDGIRSTW]* \([^ ]*\) \([^ ]*\)$/  {"lib\2", (void *) \&\2},/p'\'''
lt_cv_sys_global_symbol_to_cdecl='sed -n -e '\''s/^T .* \(.*\)$/extern int \1();/p'\'' -e '\''s/^[ABCDGIRSTW]* .* \(.*\)$/extern char \1;/p'\'''
lt_cv_sys_max_cmd_len=1572864

## ----------------- ##
## Output variables. ##
## ----------------- ##

ACLOCAL='${SHELL} /home/damonge/Science/Codes/ReformCodes/CosmoMAD/missing --run aclocal-1.11'
AMDEPBACKSLASH='\'
AMDEP_FALSE='#'
AMDEP_TRUE=''
AMTAR='${SHELL} /home/damonge/Science/Codes/ReformCodes/CosmoMAD/missing --run tar'
AR='ar'
AUTOCONF='${SHELL} /home/damonge/Science/Codes/ReformCodes/CosmoMAD/missing --run autoconf'
AUTOHEADER='${SHELL} /home/damonge/Science/Codes/ReformCodes/CosmoMAD/missing --run autoheader'
AUTOMAKE='${SHELL} /home/damonge/Science/Codes/ReformCodes/CosmoMAD/missing --run automake-1.11'
AWK='gawk'
CC='gcc'
CCDEPMODE='depmode=gcc3'
CFLAGS='-g -O2'
CPP='gcc -E'
CPPFLAGS='-I/home/damonge/include'
CYGPATH_W='echo'
DEFS='-DHAVE_CONFIG_H'
DEPDIR='.deps'
DSYMUTIL=''
DUMPBIN=''
ECHO_C=''
ECHO_N='-n'
ECHO_T=''
EGREP='/bin/grep -E'
EXEEXT=''
FGREP='/bin/grep -F'
GREP='/bin/grep'
INSTALL_DATA='${INSTALL} -m 644'
INSTALL_PROGRAM='${INSTALL}'
INSTALL_SCRIPT='${INSTALL}'
INSTALL_STRIP_PROGRAM='$(install_sh) -c -s'
LD='/usr/bin/ld -m elf_x86_64'
LDFLAGS='-L/home/damonge/lib'
LIBOBJS=''
LIBS='-lgsl -lgslcblas -lm '
LIBTOOL='$(SHELL) $(top_builddir)/libtool'
LIPO=''
LN_S='ln -s'
LTLIBOBJS=''
MAKEINFO='${SHELL} /home/damonge/Science/Codes/ReformCodes/CosmoMAD/missing --run makeinfo'
MKDIR_P='/bin/mkdir -p'
NM='/usr/bin/nm -B'
NMEDIT=''
OBJDUMP='objdump'
OBJEXT='o'
OTOOL64=''
OTOOL=''
PACKAGE='cosmomad'
PACKAGE_BUGREPORT='david.alonso@astro.ox.ac.uk'
PACKAGE_NAME='CosmoMad'
PACKAGE_STRING='CosmoMad 1.1'
PACKAGE_TARNAME='cosmomad'
PACKAGE_URL=''
PACKAGE_VERSION='1.1'
PATH_SEPARATOR=':'
RANLIB='ranlib'
SED='/bin/sed'
SET_MAKE=''
SHELL='/bin/bash'
STRIP='strip'
VERSION='1.1'
ac_ct_CC='gcc'
ac_ct_DUMPBIN=''
am__EXEEXT_FALSE=''
am__EXEEXT_TRUE='#'
am__fastdepCC_FALSE='#'
am__fastdepCC_TRUE=''
am__include='include'
am__isrc=''
am__leading_dot='.'
am__quote=''
am__tar='${AMTAR} chof - "$$tardir"'
am__untar='${AMTAR} xf -'
bindir='${exec_prefix}/bin'
build='x86_64-unknown-linux-gnu'
build_alias=''
build_cpu='x86_64'
build_os='linux-gnu'
build_vendor='unknown'
datadir='${datarootdir}'
datarootdir='${prefix}/share'
docdir='${datarootdir}/doc/${PACKAGE_TARNAME}'
dvidir='${docdir}'
exec_prefix='${prefix}'
host='x86_64-unknown-linux-gnu'
host_alias=''
host_cpu='x86_64'
host_os='linux-gnu'
host_vendor='unknown'
htmldir='${docdir}'
includedir='${prefix}/include'
infodir='${datarootdir}/info'
install_sh='${SHELL} /home/damonge/Science/Codes/ReformCodes/CosmoMAD/install-sh'
libdir='${exec_prefix}/lib'
libexecdir='${exec_prefix}/libexec'
localedir='${datarootdir}/locale'
localstatedir='${prefix}/var'
lt_ECHO='echo'
mandir='${datarootdir}/man'
mkdir_p='/bin/mkdir -p'
oldincludedir='/usr/include'
pdfdir='${docdir}'
prefix='/home/damonge'
program_transform_name='s,x,x,'
psdir='${docdir}'
sbindir='${exec_prefix}/sbin'
sharedstatedir='${prefix}/com'
sysconfdir='${prefix}/etc'
target_alias=''

## ----------- ##
## confdefs.h. ##
## ----------- ##

/* confdefs.h */
#define PACKAGE_NAME "CosmoMad"
#define PACKAGE_TARNAME "cosmomad"
#define PACKAGE_VERSION "1.1"
#define PACKAGE_STRING "CosmoMad 1.1"
#define PACKAGE_BUGREPORT "david.alonso@astro.ox.ac.uk"
#define PACKAGE_URL ""
#define PACKAGE "cosmomad"
#define VERSION "1.1"
#define STDC_HEADERS 1
#define HAVE_SYS_TYPES_H 1
#define HAVE_SYS_STAT_H 1
#define HAVE_STDLIB_H 1
#define HAVE_STRING_H 1
#define HAVE_MEMORY_H 1
#define HAVE_STRINGS_H 1
#define HAVE_INTTYPES_H 1
#define HAVE_STDINT_H 1
#define HAVE_UNISTD_H 1
#define HAVE_DLFCN_H 1
#define LT_OBJDIR ".libs/"
#define HAVE_STDLIB_H 1
#define HAVE_STRING_H 1
#define HAVE_MATH_H 1
#define HAVE_STDLIB_H 1
#define HAVE_MALLOC 1
#define HAVE_POW 1
#define HAVE_SQRT 1

configure: exit 0
