\BOOKMARK [0][-]{chapter.1}{\376\377\000D\000a\000t\000a\000\040\000S\000t\000r\000u\000c\000t\000u\000r\000e\000\040\000I\000n\000d\000e\000x}{}% 1
\BOOKMARK [1][-]{section.1.1}{\376\377\000D\000a\000t\000a\000\040\000S\000t\000r\000u\000c\000t\000u\000r\000e\000s}{chapter.1}% 2
\BOOKMARK [0][-]{chapter.2}{\376\377\000F\000i\000l\000e\000\040\000I\000n\000d\000e\000x}{}% 3
\BOOKMARK [1][-]{section.2.1}{\376\377\000F\000i\000l\000e\000\040\000L\000i\000s\000t}{chapter.2}% 4
\BOOKMARK [0][-]{chapter.3}{\376\377\000D\000a\000t\000a\000\040\000S\000t\000r\000u\000c\000t\000u\000r\000e\000\040\000D\000o\000c\000u\000m\000e\000n\000t\000a\000t\000i\000o\000n}{}% 5
\BOOKMARK [1][-]{section.3.1}{\376\377\000C\000s\000m\000\137\000p\000a\000r\000a\000m\000s\000\040\000S\000t\000r\000u\000c\000t\000\040\000R\000e\000f\000e\000r\000e\000n\000c\000e}{chapter.3}% 6
\BOOKMARK [2][-]{subsection.3.1.1}{\376\377\000D\000e\000t\000a\000i\000l\000e\000d\000\040\000D\000e\000s\000c\000r\000i\000p\000t\000i\000o\000n}{section.3.1}% 7
\BOOKMARK [0][-]{chapter.4}{\376\377\000F\000i\000l\000e\000\040\000D\000o\000c\000u\000m\000e\000n\000t\000a\000t\000i\000o\000n}{}% 8
\BOOKMARK [1][-]{section.4.1}{\376\377\000/\000h\000o\000m\000e\000/\000d\000a\000m\000o\000n\000g\000e\000/\000S\000c\000i\000e\000n\000c\000e\000/\000C\000o\000d\000e\000s\000/\000C\000o\000s\000m\000o\000M\000a\000d\000\137\000d\000e\000v\000/\000i\000n\000c\000l\000u\000d\000e\000/\000c\000o\000s\000m\000o\000\137\000m\000a\000d\000.\000h\000\040\000F\000i\000l\000e\000\040\000R\000e\000f\000e\000r\000e\000n\000c\000e}{chapter.4}% 9
\BOOKMARK [2][-]{subsection.4.1.1}{\376\377\000D\000e\000t\000a\000i\000l\000e\000d\000\040\000D\000e\000s\000c\000r\000i\000p\000t\000i\000o\000n}{section.4.1}% 10
\BOOKMARK [2][-]{subsection.4.1.2}{\376\377\000F\000u\000n\000c\000t\000i\000o\000n\000\040\000D\000o\000c\000u\000m\000e\000n\000t\000a\000t\000i\000o\000n}{section.4.1}% 11
\BOOKMARK [3][-]{subsubsection.4.1.2.1}{\376\377\000c\000s\000m\000\137\000a\000n\000g\000u\000l\000a\000r\000\137\000d\000i\000a\000m\000e\000t\000e\000r\000\137\000d\000i\000s\000t\000a\000n\000c\000e}{subsection.4.1.2}% 12
\BOOKMARK [3][-]{subsubsection.4.1.2.2}{\376\377\000c\000s\000m\000\137\000b\000a\000c\000k\000g\000r\000o\000u\000n\000d\000\137\000s\000e\000t}{subsection.4.1.2}% 13
\BOOKMARK [3][-]{subsubsection.4.1.2.3}{\376\377\000c\000s\000m\000\137\000c\000o\000l\000l\000a\000p\000s\000e\000d\000\137\000f\000r\000a\000c\000t\000i\000o\000n}{subsection.4.1.2}% 14
\BOOKMARK [3][-]{subsubsection.4.1.2.4}{\376\377\000c\000s\000m\000\137\000c\000o\000s\000m\000i\000c\000\137\000t\000i\000m\000e}{subsection.4.1.2}% 15
\BOOKMARK [3][-]{subsubsection.4.1.2.5}{\376\377\000c\000s\000m\000\137\000c\000u\000r\000v\000a\000t\000u\000r\000e\000\137\000c\000o\000m\000o\000v\000i\000n\000g\000\137\000d\000i\000s\000t\000a\000n\000c\000e}{subsection.4.1.2}% 16
\BOOKMARK [3][-]{subsubsection.4.1.2.6}{\376\377\000c\000s\000m\000\137\000D\000z\000\137\000B\000A\000O}{subsection.4.1.2}% 17
\BOOKMARK [3][-]{subsubsection.4.1.2.7}{\376\377\000c\000s\000m\000\137\000f\000\137\000g\000r\000o\000w\000t\000h}{subsection.4.1.2}% 18
\BOOKMARK [3][-]{subsubsection.4.1.2.8}{\376\377\000c\000s\000m\000\137\000g\000r\000o\000w\000t\000h\000\137\000f\000a\000c\000t\000o\000r}{subsection.4.1.2}% 19
\BOOKMARK [3][-]{subsubsection.4.1.2.9}{\376\377\000c\000s\000m\000\137\000g\000r\000o\000w\000t\000h\000\137\000f\000a\000c\000t\000o\000r\000\137\000a\000n\000d\000\137\000g\000r\000o\000w\000t\000h\000\137\000r\000a\000t\000e}{subsection.4.1.2}% 20
\BOOKMARK [3][-]{subsubsection.4.1.2.10}{\376\377\000c\000s\000m\000\137\000h\000u\000b\000b\000l\000e}{subsection.4.1.2}% 21
\BOOKMARK [3][-]{subsubsection.4.1.2.11}{\376\377\000c\000s\000m\000\137\000j\000\137\000b\000e\000s\000s\000e\000l}{subsection.4.1.2}% 22
\BOOKMARK [3][-]{subsubsection.4.1.2.12}{\376\377\000c\000s\000m\000\137\000l\000u\000m\000i\000n\000o\000s\000i\000t\000y\000\137\000d\000i\000s\000t\000a\000n\000c\000e}{subsection.4.1.2}% 23
\BOOKMARK [3][-]{subsubsection.4.1.2.13}{\376\377\000c\000s\000m\000\137\000M\0002\000R}{subsection.4.1.2}% 24
\BOOKMARK [3][-]{subsubsection.4.1.2.14}{\376\377\000c\000s\000m\000\137\000o\000m\000e\000g\000a\000\137\000m\000a\000t\000t\000e\000r}{subsection.4.1.2}% 25
\BOOKMARK [3][-]{subsubsection.4.1.2.15}{\376\377\000c\000s\000m\000\137\000p\000\137\000l\000e\000g}{subsection.4.1.2}% 26
\BOOKMARK [3][-]{subsubsection.4.1.2.16}{\376\377\000c\000s\000m\000\137\000p\000a\000r\000a\000m\000s\000\137\000f\000r\000e\000e}{subsection.4.1.2}% 27
\BOOKMARK [3][-]{subsubsection.4.1.2.17}{\376\377\000c\000s\000m\000\137\000p\000a\000r\000a\000m\000s\000\137\000n\000e\000w}{subsection.4.1.2}% 28
\BOOKMARK [3][-]{subsubsection.4.1.2.18}{\376\377\000c\000s\000m\000\137\000p\000a\000r\000t\000i\000c\000l\000e\000\137\000h\000o\000r\000i\000z\000o\000n}{subsection.4.1.2}% 29
\BOOKMARK [3][-]{subsubsection.4.1.2.19}{\376\377\000c\000s\000m\000\137\000P\000k\000\137\000f\000u\000l\000l}{subsection.4.1.2}% 30
\BOOKMARK [3][-]{subsubsection.4.1.2.20}{\376\377\000c\000s\000m\000\137\000P\000k\000\137\000l\000i\000n\000e\000a\000r\000\137\0000}{subsection.4.1.2}% 31
\BOOKMARK [3][-]{subsubsection.4.1.2.21}{\376\377\000c\000s\000m\000\137\000P\000k\000\137\000m\000u\000l\000t\000i\000p\000o\000l\000e}{subsection.4.1.2}% 32
\BOOKMARK [3][-]{subsubsection.4.1.2.22}{\376\377\000c\000s\000m\000\137\000P\000k\000\137\000n\000o\000n\000l\000i\000n\000e\000a\000r}{subsection.4.1.2}% 33
\BOOKMARK [3][-]{subsubsection.4.1.2.23}{\376\377\000c\000s\000m\000\137\000R\0002\000M}{subsection.4.1.2}% 34
\BOOKMARK [3][-]{subsubsection.4.1.2.24}{\376\377\000c\000s\000m\000\137\000r\000a\000d\000i\000a\000l\000\137\000c\000o\000m\000o\000v\000i\000n\000g\000\137\000d\000i\000s\000t\000a\000n\000c\000e}{subsection.4.1.2}% 35
\BOOKMARK [3][-]{subsubsection.4.1.2.25}{\376\377\000c\000s\000m\000\137\000s\000c\000a\000l\000e\000\137\000f\000a\000c\000t\000o\000r}{subsection.4.1.2}% 36
\BOOKMARK [3][-]{subsubsection.4.1.2.26}{\376\377\000c\000s\000m\000\137\000s\000e\000t\000\137\000l\000i\000n\000e\000a\000r\000\137\000p\000k}{subsection.4.1.2}% 37
\BOOKMARK [3][-]{subsubsection.4.1.2.27}{\376\377\000c\000s\000m\000\137\000s\000e\000t\000\137\000n\000o\000n\000l\000i\000n\000e\000a\000r\000\137\000p\000k}{subsection.4.1.2}% 38
\BOOKMARK [3][-]{subsubsection.4.1.2.28}{\376\377\000c\000s\000m\000\137\000s\000e\000t\000\137\000P\000k\000\137\000p\000a\000r\000a\000m\000s}{subsection.4.1.2}% 39
\BOOKMARK [3][-]{subsubsection.4.1.2.29}{\376\377\000c\000s\000m\000\137\000s\000e\000t\000\137\000v\000e\000r\000b\000o\000s\000i\000t\000y}{subsection.4.1.2}% 40
\BOOKMARK [3][-]{subsubsection.4.1.2.30}{\376\377\000c\000s\000m\000\137\000s\000e\000t\000\137\000x\000i\000\137\000m\000u\000l\000t\000i\000p\000o\000l\000e\000\137\000s\000p\000l\000i\000n\000e\000s}{subsection.4.1.2}% 41
\BOOKMARK [3][-]{subsubsection.4.1.2.31}{\376\377\000c\000s\000m\000\137\000s\000i\000g\0000\000\137\000L}{subsection.4.1.2}% 42
\BOOKMARK [3][-]{subsubsection.4.1.2.32}{\376\377\000c\000s\000m\000\137\000t\000h\000e\000t\000a\000\137\000B\000A\000O}{subsection.4.1.2}% 43
\BOOKMARK [3][-]{subsubsection.4.1.2.33}{\376\377\000c\000s\000m\000\137\000u\000n\000s\000e\000t\000\137\000g\000s\000l\000\137\000e\000h}{subsection.4.1.2}% 44
\BOOKMARK [3][-]{subsubsection.4.1.2.34}{\376\377\000c\000s\000m\000\137\000u\000n\000s\000e\000t\000\137\000x\000i\000\137\000m\000u\000l\000t\000i\000p\000o\000l\000e\000\137\000s\000p\000l\000i\000n\000e\000s}{subsection.4.1.2}% 45
\BOOKMARK [3][-]{subsubsection.4.1.2.35}{\376\377\000c\000s\000m\000\137\000x\000i\0002\000p\000\137\000L}{subsection.4.1.2}% 46
\BOOKMARK [3][-]{subsubsection.4.1.2.36}{\376\377\000c\000s\000m\000\137\000x\000i\000\137\0003\000D}{subsection.4.1.2}% 47
\BOOKMARK [3][-]{subsubsection.4.1.2.37}{\376\377\000c\000s\000m\000\137\000x\000i\000\137\000m\000u\000l\000t\000i\000p\000o\000l\000e}{subsection.4.1.2}% 48
\BOOKMARK [3][-]{subsubsection.4.1.2.38}{\376\377\000c\000s\000m\000\137\000x\000i\000\137\000p\000i\000\137\000s\000i\000g\000m\000a}{subsection.4.1.2}% 49
